
> my-project@0.1.0 build
> vite build

vite v8.0.14 building client environment for production...
[2Ktransforming...✓ 3219 modules transformed.
rendering chunks...
computing gzip size...
dist/index.html                     0.40 kB │ gzip:   0.27 kB
dist/assets/index-E9dn1e7g.css    184.84 kB │ gzip:  25.73 kB
dist/assets/index-DS1ZmPvx.js   2,208.56 kB │ gzip: 625.57 kB

[plugin builtin:vite-reporter] 
(!) Some chunks are larger than 500 kB after minification. Consider:
- Using dynamic import() to code-split the application
- Use build.rolldownOptions.output.codeSplitting to improve chunking: https://rolldown.rs/reference/OutputOptions.codeSplitting
- Adjust chunk size limit for this warning via build.chunkSizeWarningLimit.
✗ Build failed in 7.21s
error during build:
Build failed with 1 error:

Error: [vite]: Rolldown failed to resolve import ".prisma/client/index-browser" from "/Users/afsheenmohammad/Desktop/laara_unified/laara-unified-landing-page/node_modules/@prisma/client/index-browser.js".
This is most likely unintended because it can break your application at runtime.
If you do want to externalize this module explicitly add it to
`build.rolldownOptions.external`
    at viteLog (file:///Users/afsheenmohammad/Desktop/laara_unified/laara-unified-landing-page/node_modules/vite/dist/node/chunks/node.js:33230:57)
    at file:///Users/afsheenmohammad/Desktop/laara_unified/laara-unified-landing-page/node_modules/vite/dist/node/chunks/node.js:33266:71
    at onwarn (file:///Users/afsheenmohammad/Desktop/laara_unified/laara-unified-landing-page/node_modules/@vitejs/plugin-react/dist/index.js:40:7)
    at file:///Users/afsheenmohammad/Desktop/laara_unified/laara-unified-landing-page/node_modules/vite/dist/node/chunks/node.js:33266:28
    at onRollupLog (file:///Users/afsheenmohammad/Desktop/laara_unified/laara-unified-landing-page/node_modules/vite/dist/node/chunks/node.js:33261:63)
    at onLog (file:///Users/afsheenmohammad/Desktop/laara_unified/laara-unified-landing-page/node_modules/vite/dist/node/chunks/node.js:33030:4)
    at file:///Users/afsheenmohammad/Desktop/laara_unified/laara-unified-landing-page/node_modules/rolldown/dist/shared/rolldown-build-9MccaWPU.mjs:50:26
    at logger (file:///Users/afsheenmohammad/Desktop/laara_unified/laara-unified-landing-page/node_modules/rolldown/dist/shared/rolldown-build-9MccaWPU.mjs:41:3)
    at aggregateBindingErrorsIntoJsError (file:///Users/afsheenmohammad/Desktop/laara_unified/laara-unified-landing-page/node_modules/rolldown/dist/shared/error-B8po7KiL.mjs:48:18)
    at unwrapBindingResult (file:///Users/afsheenmohammad/Desktop/laara_unified/laara-unified-landing-page/node_modules/rolldown/dist/shared/error-B8po7KiL.mjs:18:128)
    at #build (file:///Users/afsheenmohammad/Desktop/laara_unified/laara-unified-landing-page/node_modules/rolldown/dist/shared/rolldown-build-9MccaWPU.mjs:3236:34)
    at async buildEnvironment (file:///Users/afsheenmohammad/Desktop/laara_unified/laara-unified-landing-page/node_modules/vite/dist/node/chunks/node.js:33137:64)
    at async Object.build (file:///Users/afsheenmohammad/Desktop/laara_unified/laara-unified-landing-page/node_modules/vite/dist/node/chunks/node.js:33559:19)
    at async Object.buildApp (file:///Users/afsheenmohammad/Desktop/laara_unified/laara-unified-landing-page/node_modules/vite/dist/node/chunks/node.js:33556:153)
    at async CAC.<anonymous> (file:///Users/afsheenmohammad/Desktop/laara_unified/laara-unified-landing-page/node_modules/vite/dist/node/cli.js:777:3) {
  errors: [Getter/Setter]
}
npm error Lifecycle script `build` failed with error:
npm error code 1
npm error path /Users/afsheenmohammad/Desktop/laara_unified/laara-unified-landing-page/frontend
npm error workspace my-project@0.1.0
npm error location /Users/afsheenmohammad/Desktop/laara_unified/laara-unified-landing-page/frontend
npm error command failed
npm error command sh -c vite build
